<?xml version="1.0" encoding="UTF-8"?>
<!-- Generated by org.testng.reporters.JUnitReportReporter -->
<testsuite hostname="DESKTOP-E8F4LHE" failures="0" tests="5" name="com.niketest.LoginPageValidations" time="28.774" errors="0" timestamp="2020-11-30T23:36:44 PST" skipped="2">
  <testcase classname="com.niketest.LoginPageValidations" name="validateUserBeingAbleToLogin" time="9.751"/>
  <system-out>
Clicked on Sign In Button<br> Type On Email Field<br> Type On Password Field <br> Clicked on Sign In Button<br>  </system-out>
  <testcase classname="com.niketest.LoginPageValidations" name="validateUserBeingAbleToLogin" time="9.472"/>
  <system-out>
Clicked on Sign In Button<br> Type On Email Field<br> Type On Password Field <br> Clicked on Sign In Button<br>  </system-out>
  <testcase classname="com.niketest.LoginPageValidations" name="validateUserBeingAbleToLogin" time="9.551"/>
  <system-out>
Clicked on Sign In Button<br> Type On Email Field<br> Type On Password Field <br> Clicked on Sign In Button<br>  </system-out>
  <testcase classname="com.niketest.LoginPageValidations" name="validateUserBeingAleToClickOnJoinUsBtn">
    <skipped/>
  </testcase> <!-- validateUserBeingAleToClickOnJoinUsBtn -->
  <system-out/>
  <testcase classname="com.niketest.LoginPageValidations" name="fieldValidationOnLogInPageSofAss">
    <skipped/>
  </testcase> <!-- fieldValidationOnLogInPageSofAss -->
  <system-out/>
</testsuite> <!-- com.niketest.LoginPageValidations -->
