<?xml version="1.0" encoding="UTF-8"?>
<!-- Generated by org.testng.reporters.JUnitReportReporter -->
<testsuite hostname="DESKTOP-E8F4LHE" failures="0" tests="5" name="com.niketest.JoinPageValidations" time="11.556" errors="0" timestamp="2020-11-30T23:36:44 PST" skipped="4">
  <testcase classname="com.niketest.JoinPageValidations" name="fieldValidationOnJoinUsPage" time="11.556"/>
  <system-out>
Clicked on Join Us Button<br> Clicked on Join Us Button<br> email is displayed<br> Password is displayed<br> first name is displayed<br> last name is displayed<br> Data Of Birth is displayed<br>  </system-out>
  <testcase classname="com.niketest.JoinPageValidations" name="sendDatafieldJoinUsPage">
    <skipped/>
  </testcase> <!-- sendDatafieldJoinUsPage -->
  <system-out/>
  <testcase classname="com.niketest.JoinPageValidations" name="validateUserBeingAleToClickOnJoinUsBtn">
    <skipped/>
  </testcase> <!-- validateUserBeingAleToClickOnJoinUsBtn -->
  <system-out/>
  <testcase classname="com.niketest.JoinPageValidations" name="fieldValidationOnJoinUsPageSofAss">
    <skipped/>
  </testcase> <!-- fieldValidationOnJoinUsPageSofAss -->
  <system-out/>
  <testcase classname="com.niketest.JoinPageValidations" name="validateUserBeingAleToClickOnSearchBtn">
    <skipped/>
  </testcase> <!-- validateUserBeingAleToClickOnSearchBtn -->
  <system-out/>
</testsuite> <!-- com.niketest.JoinPageValidations -->
